<html>
<head>
<title>TestNG:  Extent </title>
<link href="../testng.css" rel="stylesheet" type="text/css" />
<link href="../my-testng.css" rel="stylesheet" type="text/css" />

<style type="text/css">
.log { display: none;} 
.stack-trace { display: none;} 
</style>
<script type="text/javascript">
<!--
function flip(e) {
  current = e.style.display;
  if (current == 'block') {
    e.style.display = 'none';
    return 0;
  }
  else {
    e.style.display = 'block';
    return 1;
  }
}

function toggleBox(szDivId, elem, msg1, msg2)
{
  var res = -1;  if (document.getElementById) {
    res = flip(document.getElementById(szDivId));
  }
  else if (document.all) {
    // this is the way old msie versions work
    res = flip(document.all[szDivId]);
  }
  if(elem) {
    if(res == 0) elem.innerHTML = msg1; else elem.innerHTML = msg2;
  }

}

function toggleAllBoxes() {
  if (document.getElementsByTagName) {
    d = document.getElementsByTagName('div');
    for (i = 0; i < d.length; i++) {
      if (d[i].className == 'log') {
        flip(d[i]);
      }
    }
  }
}

// -->
</script>

</head>
<body>
<h2 align='center'>Extent </h2><table border='1' align="center">
<tr>
<td>Tests passed/Failed/Skipped:</td><td>33/5/0</td>
</tr><tr>
<td>Started on:</td><td>Mon Jun 03 21:51:48 IST 2024</td>
</tr>
<tr><td>Total time:</td><td>484 seconds (484292 ms)</td>
</tr><tr>
<td>Included groups:</td><td></td>
</tr><tr>
<td>Excluded groups:</td><td></td>
</tr>
</table><p/>
<small><i>(Hover the method name to see the test class name)</i></small><p/>
<table width='100%' border='1' class='invocation-failed'>
<tr><td colspan='4' align='center'><b>FAILED TESTS</b></td></tr>
<tr><td><b>Test method</b></td>
<td width="30%"><b>Exception</b></td>
<td width="10%"><b>Time (seconds)</b></td>
<td><b>Instance</b></td>
</tr>
<tr>
<td title='com.jala.qa.testcases.HomePgaeTest.clickOnMultiplePageTab()'><b>clickOnMultiplePageTab</b><br>Test class: com.jala.qa.testcases.HomePgaeTest</td>
<td><div><pre>org.openqa.selenium.ElementNotInteractableException: element not interactable
  (Session info: chrome=125.0.6422.113)
Build info: version: &apos;4.16.1&apos;, revision: &apos;9b4c83354e&apos;
System info: os.name: &apos;Windows 11&apos;, os.arch: &apos;amd64&apos;, os.version: &apos;10.0&apos;, java.version: &apos;17.0.9&apos;
Driver info: org.openqa.selenium.chrome.ChromeDriver
Command: [9087799fb8e27e3483ec002389dce35f, clickElement {id=f.21B39215D0EFF38F1410230A73B67720.d.A1A389BC707D52FB3F5A28CC75F52BAA.e.1077}]
Capabilities {acceptInsecureCerts: false, browserName: chrome, browserVersion: 125.0.6422.113, chrome: {chromedriverVersion: 125.0.6422.60 (3ac3319bff9f..., userDataDir: C:\Users\SARVAD~1\AppData\L...}, fedcm:accounts: true, goog:chromeOptions: {debuggerAddress: localhost:58702}, networkConnectionEnabled: false, pageLoadStrategy: normal, platformName: windows, proxy: Proxy(), se:cdp: ws://localhost:58702/devtoo..., se:cdpVersion: 125.0.6422.113, setWindowRect: true, strictFileInteractability: false, timeouts: {implicit: 0, pageLoad: 300000, script: 30000}, unhandledPromptBehavior: dismiss and notify, webauthn:extension:credBlob: true, webauthn:extension:largeBlob: true, webauthn:extension:minPinLength: true, webauthn:extension:prf: true, webauthn:virtualAuthenticators: true}
Element: [[ChromeDriver: chrome on windows (9087799fb8e27e3483ec002389dce35f)] -&gt; xpath: //a[text()=&apos; Multiple Tabs&apos;]]
Session ID: 9087799fb8e27e3483ec002389dce35f
	at org.openqa.selenium.remote.codec.w3c.W3CHttpResponseCodec.createException(W3CHttpResponseCodec.java:200)
	at org.openqa.selenium.remote.codec.w3c.W3CHttpResponseCodec.decode(W3CHttpResponseCodec.java:133)
	at org.openqa.selenium.remote.codec.w3c.W3CHttpResponseCodec.decode(W3CHttpResponseCodec.java:52)
	at org.openqa.selenium.remote.HttpCommandExecutor.execute(HttpCommandExecutor.java:191)
	at org.openqa.selenium.remote.service.DriverCommandExecutor.invokeExecute(DriverCommandExecutor.java:200)
	at org.openqa.selenium.remote.service.DriverCommandExecutor.execute(DriverCommandExecutor.java:175)
	at org.openqa.selenium.remote.RemoteWebDriver.execute(RemoteWebDriver.java:523)
	at org.openqa.selenium.remote.RemoteWebElement.execute(RemoteWebElement.java:224)
	at org.openqa.selenium.remote.RemoteWebElement.click(RemoteWebElement.java:77)
	at org.openqa.selenium.support.pagefactory.internal.LocatingElementHandler.invoke(LocatingElementHandler.java:51)
	at jdk.proxy2/jdk.proxy2.$Proxy17.click(Unknown Source)
	at com.jala.qa.pages.HomePage.ClickonMultipleTab(HomePage.java:102)
	at com.jala.qa.testcases.HomePgaeTest.clickOnMultiplePageTab(HomePgaeTest.java:65)
... Removed 33 stack frames</pre></div><a href='#' onClick='toggleBox("stack-trace899266536", this, "Click to show all stack frames", "Click to hide stack frames")'>Click to show all stack frames</a>
<div class='stack-trace' id='stack-trace899266536'><pre>org.openqa.selenium.ElementNotInteractableException: element not interactable
  (Session info: chrome=125.0.6422.113)
Build info: version: &apos;4.16.1&apos;, revision: &apos;9b4c83354e&apos;
System info: os.name: &apos;Windows 11&apos;, os.arch: &apos;amd64&apos;, os.version: &apos;10.0&apos;, java.version: &apos;17.0.9&apos;
Driver info: org.openqa.selenium.chrome.ChromeDriver
Command: [9087799fb8e27e3483ec002389dce35f, clickElement {id=f.21B39215D0EFF38F1410230A73B67720.d.A1A389BC707D52FB3F5A28CC75F52BAA.e.1077}]
Capabilities {acceptInsecureCerts: false, browserName: chrome, browserVersion: 125.0.6422.113, chrome: {chromedriverVersion: 125.0.6422.60 (3ac3319bff9f..., userDataDir: C:\Users\SARVAD~1\AppData\L...}, fedcm:accounts: true, goog:chromeOptions: {debuggerAddress: localhost:58702}, networkConnectionEnabled: false, pageLoadStrategy: normal, platformName: windows, proxy: Proxy(), se:cdp: ws://localhost:58702/devtoo..., se:cdpVersion: 125.0.6422.113, setWindowRect: true, strictFileInteractability: false, timeouts: {implicit: 0, pageLoad: 300000, script: 30000}, unhandledPromptBehavior: dismiss and notify, webauthn:extension:credBlob: true, webauthn:extension:largeBlob: true, webauthn:extension:minPinLength: true, webauthn:extension:prf: true, webauthn:virtualAuthenticators: true}
Element: [[ChromeDriver: chrome on windows (9087799fb8e27e3483ec002389dce35f)] -&gt; xpath: //a[text()=&apos; Multiple Tabs&apos;]]
Session ID: 9087799fb8e27e3483ec002389dce35f
	at java.base/jdk.internal.reflect.NativeConstructorAccessorImpl.newInstance0(Native Method)
	at java.base/jdk.internal.reflect.NativeConstructorAccessorImpl.newInstance(NativeConstructorAccessorImpl.java:77)
	at java.base/jdk.internal.reflect.DelegatingConstructorAccessorImpl.newInstance(DelegatingConstructorAccessorImpl.java:45)
	at java.base/java.lang.reflect.Constructor.newInstanceWithCaller(Constructor.java:499)
	at java.base/java.lang.reflect.Constructor.newInstance(Constructor.java:480)
	at org.openqa.selenium.remote.codec.w3c.W3CHttpResponseCodec.createException(W3CHttpResponseCodec.java:200)
	at org.openqa.selenium.remote.codec.w3c.W3CHttpResponseCodec.decode(W3CHttpResponseCodec.java:133)
	at org.openqa.selenium.remote.codec.w3c.W3CHttpResponseCodec.decode(W3CHttpResponseCodec.java:52)
	at org.openqa.selenium.remote.HttpCommandExecutor.execute(HttpCommandExecutor.java:191)
	at org.openqa.selenium.remote.service.DriverCommandExecutor.invokeExecute(DriverCommandExecutor.java:200)
	at org.openqa.selenium.remote.service.DriverCommandExecutor.execute(DriverCommandExecutor.java:175)
	at org.openqa.selenium.remote.RemoteWebDriver.execute(RemoteWebDriver.java:523)
	at org.openqa.selenium.remote.RemoteWebElement.execute(RemoteWebElement.java:224)
	at org.openqa.selenium.remote.RemoteWebElement.click(RemoteWebElement.java:77)
	at jdk.internal.reflect.GeneratedMethodAccessor1.invoke(Unknown Source)
	at java.base/jdk.internal.reflect.DelegatingMethodAccessorImpl.invoke(DelegatingMethodAccessorImpl.java:43)
	at java.base/java.lang.reflect.Method.invoke(Method.java:568)
	at org.openqa.selenium.support.pagefactory.internal.LocatingElementHandler.invoke(LocatingElementHandler.java:51)
	at jdk.proxy2/jdk.proxy2.$Proxy17.click(Unknown Source)
	at com.jala.qa.pages.HomePage.ClickonMultipleTab(HomePage.java:102)
	at com.jala.qa.testcases.HomePgaeTest.clickOnMultiplePageTab(HomePgaeTest.java:65)
	at java.base/jdk.internal.reflect.NativeMethodAccessorImpl.invoke0(Native Method)
	at java.base/jdk.internal.reflect.NativeMethodAccessorImpl.invoke(NativeMethodAccessorImpl.java:77)
	at java.base/jdk.internal.reflect.DelegatingMethodAccessorImpl.invoke(DelegatingMethodAccessorImpl.java:43)
	at java.base/java.lang.reflect.Method.invoke(Method.java:568)
	at org.testng.internal.MethodInvocationHelper.invokeMethod(MethodInvocationHelper.java:108)
	at org.testng.internal.Invoker.invokeMethod(Invoker.java:661)
	at org.testng.internal.Invoker.invokeTestMethod(Invoker.java:869)
	at org.testng.internal.Invoker.invokeTestMethods(Invoker.java:1193)
	at org.testng.internal.TestMethodWorker.invokeTestMethods(TestMethodWorker.java:126)
	at org.testng.internal.TestMethodWorker.run(TestMethodWorker.java:109)
	at org.testng.TestRunner.privateRun(TestRunner.java:744)
	at org.testng.TestRunner.run(TestRunner.java:602)
	at org.testng.SuiteRunner.runTest(SuiteRunner.java:380)
	at org.testng.SuiteRunner.runSequentially(SuiteRunner.java:375)
	at org.testng.SuiteRunner.privateRun(SuiteRunner.java:340)
	at org.testng.SuiteRunner.run(SuiteRunner.java:289)
	at org.testng.SuiteRunnerWorker.runSuite(SuiteRunnerWorker.java:52)
	at org.testng.SuiteRunnerWorker.run(SuiteRunnerWorker.java:86)
	at org.testng.TestNG.runSuitesSequentially(TestNG.java:1301)
	at org.testng.TestNG.runSuitesLocally(TestNG.java:1226)
	at org.testng.TestNG.runSuites(TestNG.java:1144)
	at org.testng.TestNG.run(TestNG.java:1115)
	at org.testng.remote.AbstractRemoteTestNG.run(AbstractRemoteTestNG.java:115)
	at org.testng.remote.RemoteTestNG.initAndRun(RemoteTestNG.java:251)
	at org.testng.remote.RemoteTestNG.main(RemoteTestNG.java:77)
</pre></div></td>
<td>60</td>
<td>com.jala.qa.testcases.HomePgaeTest@7a419da4</td></tr>
<tr>
<td title='com.jala.qa.testcases.PopupPageTest.validatePopUpFour()'><b>validatePopUpFour</b><br>Test class: com.jala.qa.testcases.PopupPageTest</td>
<td><div><pre>org.openqa.selenium.TimeoutException: timeout: Timed out receiving message from renderer: 20.000
  (Session info: chrome=125.0.6422.113)
Build info: version: &apos;4.16.1&apos;, revision: &apos;9b4c83354e&apos;
System info: os.name: &apos;Windows 11&apos;, os.arch: &apos;amd64&apos;, os.version: &apos;10.0&apos;, java.version: &apos;17.0.9&apos;
Driver info: org.openqa.selenium.chrome.ChromeDriver
Command: [7f015393fa3e38b9f9d6fde8ec201a7a, maximizeCurrentWindow {}]
Capabilities {acceptInsecureCerts: false, browserName: chrome, browserVersion: 125.0.6422.113, chrome: {chromedriverVersion: 125.0.6422.60 (3ac3319bff9f..., userDataDir: C:\Users\SARVAD~1\AppData\L...}, fedcm:accounts: true, goog:chromeOptions: {debuggerAddress: localhost:57569}, networkConnectionEnabled: false, pageLoadStrategy: normal, platformName: windows, proxy: Proxy(), se:cdp: ws://localhost:57569/devtoo..., se:cdpVersion: 125.0.6422.113, setWindowRect: true, strictFileInteractability: false, timeouts: {implicit: 0, pageLoad: 300000, script: 30000}, unhandledPromptBehavior: dismiss and notify, webauthn:extension:credBlob: true, webauthn:extension:largeBlob: true, webauthn:extension:minPinLength: true, webauthn:extension:prf: true, webauthn:virtualAuthenticators: true}
Session ID: 7f015393fa3e38b9f9d6fde8ec201a7a
	at org.openqa.selenium.remote.codec.w3c.W3CHttpResponseCodec.createException(W3CHttpResponseCodec.java:200)
	at org.openqa.selenium.remote.codec.w3c.W3CHttpResponseCodec.decode(W3CHttpResponseCodec.java:133)
	at org.openqa.selenium.remote.codec.w3c.W3CHttpResponseCodec.decode(W3CHttpResponseCodec.java:52)
	at org.openqa.selenium.remote.HttpCommandExecutor.execute(HttpCommandExecutor.java:191)
	at org.openqa.selenium.remote.service.DriverCommandExecutor.invokeExecute(DriverCommandExecutor.java:200)
	at org.openqa.selenium.remote.service.DriverCommandExecutor.execute(DriverCommandExecutor.java:175)
	at org.openqa.selenium.remote.RemoteWebDriver.execute(RemoteWebDriver.java:523)
	at org.openqa.selenium.remote.RemoteWebDriver.execute(RemoteWebDriver.java:596)
	at org.openqa.selenium.remote.RemoteWebDriver.execute(RemoteWebDriver.java:600)
	at org.openqa.selenium.remote.RemoteWebDriver$RemoteWebDriverOptions$RemoteWindow.maximize(RemoteWebDriver.java:1039)
	at com.jala.qa.pages.PopupsPage.clickOnPopUpFour(PopupsPage.java:140)
	at com.jala.qa.testcases.PopupPageTest.validatePopUpFour(PopupPageTest.java:58)
... Removed 30 stack frames</pre></div><a href='#' onClick='toggleBox("stack-trace1363009375", this, "Click to show all stack frames", "Click to hide stack frames")'>Click to show all stack frames</a>
<div class='stack-trace' id='stack-trace1363009375'><pre>org.openqa.selenium.TimeoutException: timeout: Timed out receiving message from renderer: 20.000
  (Session info: chrome=125.0.6422.113)
Build info: version: &apos;4.16.1&apos;, revision: &apos;9b4c83354e&apos;
System info: os.name: &apos;Windows 11&apos;, os.arch: &apos;amd64&apos;, os.version: &apos;10.0&apos;, java.version: &apos;17.0.9&apos;
Driver info: org.openqa.selenium.chrome.ChromeDriver
Command: [7f015393fa3e38b9f9d6fde8ec201a7a, maximizeCurrentWindow {}]
Capabilities {acceptInsecureCerts: false, browserName: chrome, browserVersion: 125.0.6422.113, chrome: {chromedriverVersion: 125.0.6422.60 (3ac3319bff9f..., userDataDir: C:\Users\SARVAD~1\AppData\L...}, fedcm:accounts: true, goog:chromeOptions: {debuggerAddress: localhost:57569}, networkConnectionEnabled: false, pageLoadStrategy: normal, platformName: windows, proxy: Proxy(), se:cdp: ws://localhost:57569/devtoo..., se:cdpVersion: 125.0.6422.113, setWindowRect: true, strictFileInteractability: false, timeouts: {implicit: 0, pageLoad: 300000, script: 30000}, unhandledPromptBehavior: dismiss and notify, webauthn:extension:credBlob: true, webauthn:extension:largeBlob: true, webauthn:extension:minPinLength: true, webauthn:extension:prf: true, webauthn:virtualAuthenticators: true}
Session ID: 7f015393fa3e38b9f9d6fde8ec201a7a
	at java.base/jdk.internal.reflect.NativeConstructorAccessorImpl.newInstance0(Native Method)
	at java.base/jdk.internal.reflect.NativeConstructorAccessorImpl.newInstance(NativeConstructorAccessorImpl.java:77)
	at java.base/jdk.internal.reflect.DelegatingConstructorAccessorImpl.newInstance(DelegatingConstructorAccessorImpl.java:45)
	at java.base/java.lang.reflect.Constructor.newInstanceWithCaller(Constructor.java:499)
	at java.base/java.lang.reflect.Constructor.newInstance(Constructor.java:480)
	at org.openqa.selenium.remote.codec.w3c.W3CHttpResponseCodec.createException(W3CHttpResponseCodec.java:200)
	at org.openqa.selenium.remote.codec.w3c.W3CHttpResponseCodec.decode(W3CHttpResponseCodec.java:133)
	at org.openqa.selenium.remote.codec.w3c.W3CHttpResponseCodec.decode(W3CHttpResponseCodec.java:52)
	at org.openqa.selenium.remote.HttpCommandExecutor.execute(HttpCommandExecutor.java:191)
	at org.openqa.selenium.remote.service.DriverCommandExecutor.invokeExecute(DriverCommandExecutor.java:200)
	at org.openqa.selenium.remote.service.DriverCommandExecutor.execute(DriverCommandExecutor.java:175)
	at org.openqa.selenium.remote.RemoteWebDriver.execute(RemoteWebDriver.java:523)
	at org.openqa.selenium.remote.RemoteWebDriver.execute(RemoteWebDriver.java:596)
	at org.openqa.selenium.remote.RemoteWebDriver.execute(RemoteWebDriver.java:600)
	at org.openqa.selenium.remote.RemoteWebDriver$RemoteWebDriverOptions$RemoteWindow.maximize(RemoteWebDriver.java:1039)
	at com.jala.qa.pages.PopupsPage.clickOnPopUpFour(PopupsPage.java:140)
	at com.jala.qa.testcases.PopupPageTest.validatePopUpFour(PopupPageTest.java:58)
	at java.base/jdk.internal.reflect.NativeMethodAccessorImpl.invoke0(Native Method)
	at java.base/jdk.internal.reflect.NativeMethodAccessorImpl.invoke(NativeMethodAccessorImpl.java:77)
	at java.base/jdk.internal.reflect.DelegatingMethodAccessorImpl.invoke(DelegatingMethodAccessorImpl.java:43)
	at java.base/java.lang.reflect.Method.invoke(Method.java:568)
	at org.testng.internal.MethodInvocationHelper.invokeMethod(MethodInvocationHelper.java:108)
	at org.testng.internal.Invoker.invokeMethod(Invoker.java:661)
	at org.testng.internal.Invoker.invokeTestMethod(Invoker.java:869)
	at org.testng.internal.Invoker.invokeTestMethods(Invoker.java:1193)
	at org.testng.internal.TestMethodWorker.invokeTestMethods(TestMethodWorker.java:126)
	at org.testng.internal.TestMethodWorker.run(TestMethodWorker.java:109)
	at org.testng.TestRunner.privateRun(TestRunner.java:744)
	at org.testng.TestRunner.run(TestRunner.java:602)
	at org.testng.SuiteRunner.runTest(SuiteRunner.java:380)
	at org.testng.SuiteRunner.runSequentially(SuiteRunner.java:375)
	at org.testng.SuiteRunner.privateRun(SuiteRunner.java:340)
	at org.testng.SuiteRunner.run(SuiteRunner.java:289)
	at org.testng.SuiteRunnerWorker.runSuite(SuiteRunnerWorker.java:52)
	at org.testng.SuiteRunnerWorker.run(SuiteRunnerWorker.java:86)
	at org.testng.TestNG.runSuitesSequentially(TestNG.java:1301)
	at org.testng.TestNG.runSuitesLocally(TestNG.java:1226)
	at org.testng.TestNG.runSuites(TestNG.java:1144)
	at org.testng.TestNG.run(TestNG.java:1115)
	at org.testng.remote.AbstractRemoteTestNG.run(AbstractRemoteTestNG.java:115)
	at org.testng.remote.RemoteTestNG.initAndRun(RemoteTestNG.java:251)
	at org.testng.remote.RemoteTestNG.main(RemoteTestNG.java:77)
</pre></div></td>
<td>46</td>
<td>com.jala.qa.testcases.PopupPageTest@4d5b6aac</td></tr>
<tr>
<td title='com.jala.qa.testcases.PopupPageTest.validatePopUpThree()'><b>validatePopUpThree</b><br>Test class: com.jala.qa.testcases.PopupPageTest</td>
<td><div><pre>org.openqa.selenium.TimeoutException: timeout: Timed out receiving message from renderer: 20.000
  (Session info: chrome=125.0.6422.113)
Build info: version: &apos;4.16.1&apos;, revision: &apos;9b4c83354e&apos;
System info: os.name: &apos;Windows 11&apos;, os.arch: &apos;amd64&apos;, os.version: &apos;10.0&apos;, java.version: &apos;17.0.9&apos;
Driver info: org.openqa.selenium.chrome.ChromeDriver
Command: [299684615c228185e5347b9fa18ad86c, clickElement {id=f.08D5357A0668410C939501287ACF6613.d.367D48A0DA1A10E942F4AB66EEF2C50E.e.79}]
Capabilities {acceptInsecureCerts: false, browserName: chrome, browserVersion: 125.0.6422.113, chrome: {chromedriverVersion: 125.0.6422.60 (3ac3319bff9f..., userDataDir: C:\Users\SARVAD~1\AppData\L...}, fedcm:accounts: true, goog:chromeOptions: {debuggerAddress: localhost:56601}, networkConnectionEnabled: false, pageLoadStrategy: normal, platformName: windows, proxy: Proxy(), se:cdp: ws://localhost:56601/devtoo..., se:cdpVersion: 125.0.6422.113, setWindowRect: true, strictFileInteractability: false, timeouts: {implicit: 0, pageLoad: 300000, script: 30000}, unhandledPromptBehavior: dismiss and notify, webauthn:extension:credBlob: true, webauthn:extension:largeBlob: true, webauthn:extension:minPinLength: true, webauthn:extension:prf: true, webauthn:virtualAuthenticators: true}
Element: [[ChromeDriver: chrome on windows (299684615c228185e5347b9fa18ad86c)] -&gt; xpath: //img[@src=&apos;/Content/images/home/aspdotnet.png&apos;]]
Session ID: 299684615c228185e5347b9fa18ad86c
	at org.openqa.selenium.remote.codec.w3c.W3CHttpResponseCodec.createException(W3CHttpResponseCodec.java:200)
	at org.openqa.selenium.remote.codec.w3c.W3CHttpResponseCodec.decode(W3CHttpResponseCodec.java:133)
	at org.openqa.selenium.remote.codec.w3c.W3CHttpResponseCodec.decode(W3CHttpResponseCodec.java:52)
	at org.openqa.selenium.remote.HttpCommandExecutor.execute(HttpCommandExecutor.java:191)
	at org.openqa.selenium.remote.service.DriverCommandExecutor.invokeExecute(DriverCommandExecutor.java:200)
	at org.openqa.selenium.remote.service.DriverCommandExecutor.execute(DriverCommandExecutor.java:175)
	at org.openqa.selenium.remote.RemoteWebDriver.execute(RemoteWebDriver.java:523)
	at org.openqa.selenium.remote.RemoteWebElement.execute(RemoteWebElement.java:224)
	at org.openqa.selenium.remote.RemoteWebElement.click(RemoteWebElement.java:77)
	at org.openqa.selenium.support.pagefactory.internal.LocatingElementHandler.invoke(LocatingElementHandler.java:51)
	at jdk.proxy2/jdk.proxy2.$Proxy17.click(Unknown Source)
	at com.jala.qa.pages.PopupsPage.clickOnPopUpThree(PopupsPage.java:119)
	at com.jala.qa.testcases.PopupPageTest.validatePopUpThree(PopupPageTest.java:52)
... Removed 33 stack frames</pre></div><a href='#' onClick='toggleBox("stack-trace1657936637", this, "Click to show all stack frames", "Click to hide stack frames")'>Click to show all stack frames</a>
<div class='stack-trace' id='stack-trace1657936637'><pre>org.openqa.selenium.TimeoutException: timeout: Timed out receiving message from renderer: 20.000
  (Session info: chrome=125.0.6422.113)
Build info: version: &apos;4.16.1&apos;, revision: &apos;9b4c83354e&apos;
System info: os.name: &apos;Windows 11&apos;, os.arch: &apos;amd64&apos;, os.version: &apos;10.0&apos;, java.version: &apos;17.0.9&apos;
Driver info: org.openqa.selenium.chrome.ChromeDriver
Command: [299684615c228185e5347b9fa18ad86c, clickElement {id=f.08D5357A0668410C939501287ACF6613.d.367D48A0DA1A10E942F4AB66EEF2C50E.e.79}]
Capabilities {acceptInsecureCerts: false, browserName: chrome, browserVersion: 125.0.6422.113, chrome: {chromedriverVersion: 125.0.6422.60 (3ac3319bff9f..., userDataDir: C:\Users\SARVAD~1\AppData\L...}, fedcm:accounts: true, goog:chromeOptions: {debuggerAddress: localhost:56601}, networkConnectionEnabled: false, pageLoadStrategy: normal, platformName: windows, proxy: Proxy(), se:cdp: ws://localhost:56601/devtoo..., se:cdpVersion: 125.0.6422.113, setWindowRect: true, strictFileInteractability: false, timeouts: {implicit: 0, pageLoad: 300000, script: 30000}, unhandledPromptBehavior: dismiss and notify, webauthn:extension:credBlob: true, webauthn:extension:largeBlob: true, webauthn:extension:minPinLength: true, webauthn:extension:prf: true, webauthn:virtualAuthenticators: true}
Element: [[ChromeDriver: chrome on windows (299684615c228185e5347b9fa18ad86c)] -&gt; xpath: //img[@src=&apos;/Content/images/home/aspdotnet.png&apos;]]
Session ID: 299684615c228185e5347b9fa18ad86c
	at java.base/jdk.internal.reflect.NativeConstructorAccessorImpl.newInstance0(Native Method)
	at java.base/jdk.internal.reflect.NativeConstructorAccessorImpl.newInstance(NativeConstructorAccessorImpl.java:77)
	at java.base/jdk.internal.reflect.DelegatingConstructorAccessorImpl.newInstance(DelegatingConstructorAccessorImpl.java:45)
	at java.base/java.lang.reflect.Constructor.newInstanceWithCaller(Constructor.java:499)
	at java.base/java.lang.reflect.Constructor.newInstance(Constructor.java:480)
	at org.openqa.selenium.remote.codec.w3c.W3CHttpResponseCodec.createException(W3CHttpResponseCodec.java:200)
	at org.openqa.selenium.remote.codec.w3c.W3CHttpResponseCodec.decode(W3CHttpResponseCodec.java:133)
	at org.openqa.selenium.remote.codec.w3c.W3CHttpResponseCodec.decode(W3CHttpResponseCodec.java:52)
	at org.openqa.selenium.remote.HttpCommandExecutor.execute(HttpCommandExecutor.java:191)
	at org.openqa.selenium.remote.service.DriverCommandExecutor.invokeExecute(DriverCommandExecutor.java:200)
	at org.openqa.selenium.remote.service.DriverCommandExecutor.execute(DriverCommandExecutor.java:175)
	at org.openqa.selenium.remote.RemoteWebDriver.execute(RemoteWebDriver.java:523)
	at org.openqa.selenium.remote.RemoteWebElement.execute(RemoteWebElement.java:224)
	at org.openqa.selenium.remote.RemoteWebElement.click(RemoteWebElement.java:77)
	at jdk.internal.reflect.GeneratedMethodAccessor1.invoke(Unknown Source)
	at java.base/jdk.internal.reflect.DelegatingMethodAccessorImpl.invoke(DelegatingMethodAccessorImpl.java:43)
	at java.base/java.lang.reflect.Method.invoke(Method.java:568)
	at org.openqa.selenium.support.pagefactory.internal.LocatingElementHandler.invoke(LocatingElementHandler.java:51)
	at jdk.proxy2/jdk.proxy2.$Proxy17.click(Unknown Source)
	at com.jala.qa.pages.PopupsPage.clickOnPopUpThree(PopupsPage.java:119)
	at com.jala.qa.testcases.PopupPageTest.validatePopUpThree(PopupPageTest.java:52)
	at java.base/jdk.internal.reflect.NativeMethodAccessorImpl.invoke0(Native Method)
	at java.base/jdk.internal.reflect.NativeMethodAccessorImpl.invoke(NativeMethodAccessorImpl.java:77)
	at java.base/jdk.internal.reflect.DelegatingMethodAccessorImpl.invoke(DelegatingMethodAccessorImpl.java:43)
	at java.base/java.lang.reflect.Method.invoke(Method.java:568)
	at org.testng.internal.MethodInvocationHelper.invokeMethod(MethodInvocationHelper.java:108)
	at org.testng.internal.Invoker.invokeMethod(Invoker.java:661)
	at org.testng.internal.Invoker.invokeTestMethod(Invoker.java:869)
	at org.testng.internal.Invoker.invokeTestMethods(Invoker.java:1193)
	at org.testng.internal.TestMethodWorker.invokeTestMethods(TestMethodWorker.java:126)
	at org.testng.internal.TestMethodWorker.run(TestMethodWorker.java:109)
	at org.testng.TestRunner.privateRun(TestRunner.java:744)
	at org.testng.TestRunner.run(TestRunner.java:602)
	at org.testng.SuiteRunner.runTest(SuiteRunner.java:380)
	at org.testng.SuiteRunner.runSequentially(SuiteRunner.java:375)
	at org.testng.SuiteRunner.privateRun(SuiteRunner.java:340)
	at org.testng.SuiteRunner.run(SuiteRunner.java:289)
	at org.testng.SuiteRunnerWorker.runSuite(SuiteRunnerWorker.java:52)
	at org.testng.SuiteRunnerWorker.run(SuiteRunnerWorker.java:86)
	at org.testng.TestNG.runSuitesSequentially(TestNG.java:1301)
	at org.testng.TestNG.runSuitesLocally(TestNG.java:1226)
	at org.testng.TestNG.runSuites(TestNG.java:1144)
	at org.testng.TestNG.run(TestNG.java:1115)
	at org.testng.remote.AbstractRemoteTestNG.run(AbstractRemoteTestNG.java:115)
	at org.testng.remote.RemoteTestNG.initAndRun(RemoteTestNG.java:251)
	at org.testng.remote.RemoteTestNG.main(RemoteTestNG.java:77)
</pre></div></td>
<td>49</td>
<td>com.jala.qa.testcases.PopupPageTest@4d5b6aac</td></tr>
<tr>
<td title='com.jala.qa.testcases.ImagePageTest.validateUploadImage()'><b>validateUploadImage</b><br>Test class: com.jala.qa.testcases.ImagePageTest</td>
<td><div><pre>org.openqa.selenium.InvalidArgumentException: invalid argument: File not found : C:\Users\Sarvadnya\eclipse-workspace\JalaAcadamyTest\src\main\java\com\jala\qa\testdata\Image.jpg
  (Session info: chrome=125.0.6422.113)
Build info: version: &apos;4.16.1&apos;, revision: &apos;9b4c83354e&apos;
System info: os.name: &apos;Windows 11&apos;, os.arch: &apos;amd64&apos;, os.version: &apos;10.0&apos;, java.version: &apos;17.0.9&apos;
Driver info: org.openqa.selenium.chrome.ChromeDriver
Command: [c0b767a4b03baf3cbac6ddc871843289, sendKeysToElement {id=f.DA4A6C034A0F7D07DD0AA8BD71AF4A77.d.47327EBF75A7D45A848C408C40153604.e.1570, value=[Ljava.lang.CharSequence;@352e612e}]
Capabilities {acceptInsecureCerts: false, browserName: chrome, browserVersion: 125.0.6422.113, chrome: {chromedriverVersion: 125.0.6422.60 (3ac3319bff9f..., userDataDir: C:\Users\SARVAD~1\AppData\L...}, fedcm:accounts: true, goog:chromeOptions: {debuggerAddress: localhost:53930}, networkConnectionEnabled: false, pageLoadStrategy: normal, platformName: windows, proxy: Proxy(), se:cdp: ws://localhost:53930/devtoo..., se:cdpVersion: 125.0.6422.113, setWindowRect: true, strictFileInteractability: false, timeouts: {implicit: 0, pageLoad: 300000, script: 30000}, unhandledPromptBehavior: dismiss and notify, webauthn:extension:credBlob: true, webauthn:extension:largeBlob: true, webauthn:extension:minPinLength: true, webauthn:extension:prf: true, webauthn:virtualAuthenticators: true}
Element: [[ChromeDriver: chrome on windows (c0b767a4b03baf3cbac6ddc871843289)] -&gt; name: file]
Session ID: c0b767a4b03baf3cbac6ddc871843289
	at org.openqa.selenium.remote.codec.w3c.W3CHttpResponseCodec.createException(W3CHttpResponseCodec.java:200)
	at org.openqa.selenium.remote.codec.w3c.W3CHttpResponseCodec.decode(W3CHttpResponseCodec.java:133)
	at org.openqa.selenium.remote.codec.w3c.W3CHttpResponseCodec.decode(W3CHttpResponseCodec.java:52)
	at org.openqa.selenium.remote.HttpCommandExecutor.execute(HttpCommandExecutor.java:191)
	at org.openqa.selenium.remote.service.DriverCommandExecutor.invokeExecute(DriverCommandExecutor.java:200)
	at org.openqa.selenium.remote.service.DriverCommandExecutor.execute(DriverCommandExecutor.java:175)
	at org.openqa.selenium.remote.RemoteWebDriver.execute(RemoteWebDriver.java:523)
	at org.openqa.selenium.remote.RemoteWebElement.execute(RemoteWebElement.java:224)
	at org.openqa.selenium.remote.RemoteWebElement.sendKeys(RemoteWebElement.java:111)
	at org.openqa.selenium.support.pagefactory.internal.LocatingElementHandler.invoke(LocatingElementHandler.java:51)
	at jdk.proxy2/jdk.proxy2.$Proxy17.sendKeys(Unknown Source)
	at com.jala.qa.pages.ImagesPage.upoladImage(ImagesPage.java:27)
	at com.jala.qa.testcases.ImagePageTest.validateUploadImage(ImagePageTest.java:41)
... Removed 34 stack frames</pre></div><a href='#' onClick='toggleBox("stack-trace2008746677", this, "Click to show all stack frames", "Click to hide stack frames")'>Click to show all stack frames</a>
<div class='stack-trace' id='stack-trace2008746677'><pre>org.openqa.selenium.InvalidArgumentException: invalid argument: File not found : C:\Users\Sarvadnya\eclipse-workspace\JalaAcadamyTest\src\main\java\com\jala\qa\testdata\Image.jpg
  (Session info: chrome=125.0.6422.113)
Build info: version: &apos;4.16.1&apos;, revision: &apos;9b4c83354e&apos;
System info: os.name: &apos;Windows 11&apos;, os.arch: &apos;amd64&apos;, os.version: &apos;10.0&apos;, java.version: &apos;17.0.9&apos;
Driver info: org.openqa.selenium.chrome.ChromeDriver
Command: [c0b767a4b03baf3cbac6ddc871843289, sendKeysToElement {id=f.DA4A6C034A0F7D07DD0AA8BD71AF4A77.d.47327EBF75A7D45A848C408C40153604.e.1570, value=[Ljava.lang.CharSequence;@352e612e}]
Capabilities {acceptInsecureCerts: false, browserName: chrome, browserVersion: 125.0.6422.113, chrome: {chromedriverVersion: 125.0.6422.60 (3ac3319bff9f..., userDataDir: C:\Users\SARVAD~1\AppData\L...}, fedcm:accounts: true, goog:chromeOptions: {debuggerAddress: localhost:53930}, networkConnectionEnabled: false, pageLoadStrategy: normal, platformName: windows, proxy: Proxy(), se:cdp: ws://localhost:53930/devtoo..., se:cdpVersion: 125.0.6422.113, setWindowRect: true, strictFileInteractability: false, timeouts: {implicit: 0, pageLoad: 300000, script: 30000}, unhandledPromptBehavior: dismiss and notify, webauthn:extension:credBlob: true, webauthn:extension:largeBlob: true, webauthn:extension:minPinLength: true, webauthn:extension:prf: true, webauthn:virtualAuthenticators: true}
Element: [[ChromeDriver: chrome on windows (c0b767a4b03baf3cbac6ddc871843289)] -&gt; name: file]
Session ID: c0b767a4b03baf3cbac6ddc871843289
	at java.base/jdk.internal.reflect.NativeConstructorAccessorImpl.newInstance0(Native Method)
	at java.base/jdk.internal.reflect.NativeConstructorAccessorImpl.newInstance(NativeConstructorAccessorImpl.java:77)
	at java.base/jdk.internal.reflect.DelegatingConstructorAccessorImpl.newInstance(DelegatingConstructorAccessorImpl.java:45)
	at java.base/java.lang.reflect.Constructor.newInstanceWithCaller(Constructor.java:499)
	at java.base/java.lang.reflect.Constructor.newInstance(Constructor.java:480)
	at org.openqa.selenium.remote.codec.w3c.W3CHttpResponseCodec.createException(W3CHttpResponseCodec.java:200)
	at org.openqa.selenium.remote.codec.w3c.W3CHttpResponseCodec.decode(W3CHttpResponseCodec.java:133)
	at org.openqa.selenium.remote.codec.w3c.W3CHttpResponseCodec.decode(W3CHttpResponseCodec.java:52)
	at org.openqa.selenium.remote.HttpCommandExecutor.execute(HttpCommandExecutor.java:191)
	at org.openqa.selenium.remote.service.DriverCommandExecutor.invokeExecute(DriverCommandExecutor.java:200)
	at org.openqa.selenium.remote.service.DriverCommandExecutor.execute(DriverCommandExecutor.java:175)
	at org.openqa.selenium.remote.RemoteWebDriver.execute(RemoteWebDriver.java:523)
	at org.openqa.selenium.remote.RemoteWebElement.execute(RemoteWebElement.java:224)
	at org.openqa.selenium.remote.RemoteWebElement.sendKeys(RemoteWebElement.java:111)
	at java.base/jdk.internal.reflect.NativeMethodAccessorImpl.invoke0(Native Method)
	at java.base/jdk.internal.reflect.NativeMethodAccessorImpl.invoke(NativeMethodAccessorImpl.java:77)
	at java.base/jdk.internal.reflect.DelegatingMethodAccessorImpl.invoke(DelegatingMethodAccessorImpl.java:43)
	at java.base/java.lang.reflect.Method.invoke(Method.java:568)
	at org.openqa.selenium.support.pagefactory.internal.LocatingElementHandler.invoke(LocatingElementHandler.java:51)
	at jdk.proxy2/jdk.proxy2.$Proxy17.sendKeys(Unknown Source)
	at com.jala.qa.pages.ImagesPage.upoladImage(ImagesPage.java:27)
	at com.jala.qa.testcases.ImagePageTest.validateUploadImage(ImagePageTest.java:41)
	at java.base/jdk.internal.reflect.NativeMethodAccessorImpl.invoke0(Native Method)
	at java.base/jdk.internal.reflect.NativeMethodAccessorImpl.invoke(NativeMethodAccessorImpl.java:77)
	at java.base/jdk.internal.reflect.DelegatingMethodAccessorImpl.invoke(DelegatingMethodAccessorImpl.java:43)
	at java.base/java.lang.reflect.Method.invoke(Method.java:568)
	at org.testng.internal.MethodInvocationHelper.invokeMethod(MethodInvocationHelper.java:108)
	at org.testng.internal.Invoker.invokeMethod(Invoker.java:661)
	at org.testng.internal.Invoker.invokeTestMethod(Invoker.java:869)
	at org.testng.internal.Invoker.invokeTestMethods(Invoker.java:1193)
	at org.testng.internal.TestMethodWorker.invokeTestMethods(TestMethodWorker.java:126)
	at org.testng.internal.TestMethodWorker.run(TestMethodWorker.java:109)
	at org.testng.TestRunner.privateRun(TestRunner.java:744)
	at org.testng.TestRunner.run(TestRunner.java:602)
	at org.testng.SuiteRunner.runTest(SuiteRunner.java:380)
	at org.testng.SuiteRunner.runSequentially(SuiteRunner.java:375)
	at org.testng.SuiteRunner.privateRun(SuiteRunner.java:340)
	at org.testng.SuiteRunner.run(SuiteRunner.java:289)
	at org.testng.SuiteRunnerWorker.runSuite(SuiteRunnerWorker.java:52)
	at org.testng.SuiteRunnerWorker.run(SuiteRunnerWorker.java:86)
	at org.testng.TestNG.runSuitesSequentially(TestNG.java:1301)
	at org.testng.TestNG.runSuitesLocally(TestNG.java:1226)
	at org.testng.TestNG.runSuites(TestNG.java:1144)
	at org.testng.TestNG.run(TestNG.java:1115)
	at org.testng.remote.AbstractRemoteTestNG.run(AbstractRemoteTestNG.java:115)
	at org.testng.remote.RemoteTestNG.initAndRun(RemoteTestNG.java:251)
	at org.testng.remote.RemoteTestNG.main(RemoteTestNG.java:77)
</pre></div></td>
<td>0</td>
<td>com.jala.qa.testcases.ImagePageTest@3d5c822d</td></tr>
<tr>
<td title='com.jala.qa.testcases.LinksPageTest.validatelinks()'><b>validatelinks</b><br>Test class: com.jala.qa.testcases.LinksPageTest</td>
<td><div><pre>org.openqa.selenium.NoSuchWindowException: no such window: target window already closed
from unknown error: web view not found
  (Session info: chrome=125.0.6422.113)
Build info: version: &apos;4.16.1&apos;, revision: &apos;9b4c83354e&apos;
System info: os.name: &apos;Windows 11&apos;, os.arch: &apos;amd64&apos;, os.version: &apos;10.0&apos;, java.version: &apos;17.0.9&apos;
Driver info: org.openqa.selenium.chrome.ChromeDriver
Command: [1d35c5547fb679cd5e1c7a5dbd337aaf, goBack {}]
Capabilities {acceptInsecureCerts: false, browserName: chrome, browserVersion: 125.0.6422.113, chrome: {chromedriverVersion: 125.0.6422.60 (3ac3319bff9f..., userDataDir: C:\Users\SARVAD~1\AppData\L...}, fedcm:accounts: true, goog:chromeOptions: {debuggerAddress: localhost:54258}, networkConnectionEnabled: false, pageLoadStrategy: normal, platformName: windows, proxy: Proxy(), se:cdp: ws://localhost:54258/devtoo..., se:cdpVersion: 125.0.6422.113, setWindowRect: true, strictFileInteractability: false, timeouts: {implicit: 0, pageLoad: 300000, script: 30000}, unhandledPromptBehavior: dismiss and notify, webauthn:extension:credBlob: true, webauthn:extension:largeBlob: true, webauthn:extension:minPinLength: true, webauthn:extension:prf: true, webauthn:virtualAuthenticators: true}
Session ID: 1d35c5547fb679cd5e1c7a5dbd337aaf
	at org.openqa.selenium.remote.codec.w3c.W3CHttpResponseCodec.createException(W3CHttpResponseCodec.java:200)
	at org.openqa.selenium.remote.codec.w3c.W3CHttpResponseCodec.decode(W3CHttpResponseCodec.java:133)
	at org.openqa.selenium.remote.codec.w3c.W3CHttpResponseCodec.decode(W3CHttpResponseCodec.java:52)
	at org.openqa.selenium.remote.HttpCommandExecutor.execute(HttpCommandExecutor.java:191)
	at org.openqa.selenium.remote.service.DriverCommandExecutor.invokeExecute(DriverCommandExecutor.java:200)
	at org.openqa.selenium.remote.service.DriverCommandExecutor.execute(DriverCommandExecutor.java:175)
	at org.openqa.selenium.remote.RemoteWebDriver.execute(RemoteWebDriver.java:523)
	at org.openqa.selenium.remote.RemoteWebDriver.execute(RemoteWebDriver.java:596)
	at org.openqa.selenium.remote.RemoteWebDriver.execute(RemoteWebDriver.java:600)
	at org.openqa.selenium.remote.RemoteWebDriver$RemoteNavigation.back(RemoteWebDriver.java:1058)
	at com.jala.qa.pages.LinksPage.clickOnLinks(LinksPage.java:71)
	at com.jala.qa.testcases.LinksPageTest.validatelinks(LinksPageTest.java:48)
... Removed 30 stack frames</pre></div><a href='#' onClick='toggleBox("stack-trace190550835", this, "Click to show all stack frames", "Click to hide stack frames")'>Click to show all stack frames</a>
<div class='stack-trace' id='stack-trace190550835'><pre>org.openqa.selenium.NoSuchWindowException: no such window: target window already closed
from unknown error: web view not found
  (Session info: chrome=125.0.6422.113)
Build info: version: &apos;4.16.1&apos;, revision: &apos;9b4c83354e&apos;
System info: os.name: &apos;Windows 11&apos;, os.arch: &apos;amd64&apos;, os.version: &apos;10.0&apos;, java.version: &apos;17.0.9&apos;
Driver info: org.openqa.selenium.chrome.ChromeDriver
Command: [1d35c5547fb679cd5e1c7a5dbd337aaf, goBack {}]
Capabilities {acceptInsecureCerts: false, browserName: chrome, browserVersion: 125.0.6422.113, chrome: {chromedriverVersion: 125.0.6422.60 (3ac3319bff9f..., userDataDir: C:\Users\SARVAD~1\AppData\L...}, fedcm:accounts: true, goog:chromeOptions: {debuggerAddress: localhost:54258}, networkConnectionEnabled: false, pageLoadStrategy: normal, platformName: windows, proxy: Proxy(), se:cdp: ws://localhost:54258/devtoo..., se:cdpVersion: 125.0.6422.113, setWindowRect: true, strictFileInteractability: false, timeouts: {implicit: 0, pageLoad: 300000, script: 30000}, unhandledPromptBehavior: dismiss and notify, webauthn:extension:credBlob: true, webauthn:extension:largeBlob: true, webauthn:extension:minPinLength: true, webauthn:extension:prf: true, webauthn:virtualAuthenticators: true}
Session ID: 1d35c5547fb679cd5e1c7a5dbd337aaf
	at java.base/jdk.internal.reflect.NativeConstructorAccessorImpl.newInstance0(Native Method)
	at java.base/jdk.internal.reflect.NativeConstructorAccessorImpl.newInstance(NativeConstructorAccessorImpl.java:77)
	at java.base/jdk.internal.reflect.DelegatingConstructorAccessorImpl.newInstance(DelegatingConstructorAccessorImpl.java:45)
	at java.base/java.lang.reflect.Constructor.newInstanceWithCaller(Constructor.java:499)
	at java.base/java.lang.reflect.Constructor.newInstance(Constructor.java:480)
	at org.openqa.selenium.remote.codec.w3c.W3CHttpResponseCodec.createException(W3CHttpResponseCodec.java:200)
	at org.openqa.selenium.remote.codec.w3c.W3CHttpResponseCodec.decode(W3CHttpResponseCodec.java:133)
	at org.openqa.selenium.remote.codec.w3c.W3CHttpResponseCodec.decode(W3CHttpResponseCodec.java:52)
	at org.openqa.selenium.remote.HttpCommandExecutor.execute(HttpCommandExecutor.java:191)
	at org.openqa.selenium.remote.service.DriverCommandExecutor.invokeExecute(DriverCommandExecutor.java:200)
	at org.openqa.selenium.remote.service.DriverCommandExecutor.execute(DriverCommandExecutor.java:175)
	at org.openqa.selenium.remote.RemoteWebDriver.execute(RemoteWebDriver.java:523)
	at org.openqa.selenium.remote.RemoteWebDriver.execute(RemoteWebDriver.java:596)
	at org.openqa.selenium.remote.RemoteWebDriver.execute(RemoteWebDriver.java:600)
	at org.openqa.selenium.remote.RemoteWebDriver$RemoteNavigation.back(RemoteWebDriver.java:1058)
	at com.jala.qa.pages.LinksPage.clickOnLinks(LinksPage.java:71)
	at com.jala.qa.testcases.LinksPageTest.validatelinks(LinksPageTest.java:48)
	at java.base/jdk.internal.reflect.NativeMethodAccessorImpl.invoke0(Native Method)
	at java.base/jdk.internal.reflect.NativeMethodAccessorImpl.invoke(NativeMethodAccessorImpl.java:77)
	at java.base/jdk.internal.reflect.DelegatingMethodAccessorImpl.invoke(DelegatingMethodAccessorImpl.java:43)
	at java.base/java.lang.reflect.Method.invoke(Method.java:568)
	at org.testng.internal.MethodInvocationHelper.invokeMethod(MethodInvocationHelper.java:108)
	at org.testng.internal.Invoker.invokeMethod(Invoker.java:661)
	at org.testng.internal.Invoker.invokeTestMethod(Invoker.java:869)
	at org.testng.internal.Invoker.invokeTestMethods(Invoker.java:1193)
	at org.testng.internal.TestMethodWorker.invokeTestMethods(TestMethodWorker.java:126)
	at org.testng.internal.TestMethodWorker.run(TestMethodWorker.java:109)
	at org.testng.TestRunner.privateRun(TestRunner.java:744)
	at org.testng.TestRunner.run(TestRunner.java:602)
	at org.testng.SuiteRunner.runTest(SuiteRunner.java:380)
	at org.testng.SuiteRunner.runSequentially(SuiteRunner.java:375)
	at org.testng.SuiteRunner.privateRun(SuiteRunner.java:340)
	at org.testng.SuiteRunner.run(SuiteRunner.java:289)
	at org.testng.SuiteRunnerWorker.runSuite(SuiteRunnerWorker.java:52)
	at org.testng.SuiteRunnerWorker.run(SuiteRunnerWorker.java:86)
	at org.testng.TestNG.runSuitesSequentially(TestNG.java:1301)
	at org.testng.TestNG.runSuitesLocally(TestNG.java:1226)
	at org.testng.TestNG.runSuites(TestNG.java:1144)
	at org.testng.TestNG.run(TestNG.java:1115)
	at org.testng.remote.AbstractRemoteTestNG.run(AbstractRemoteTestNG.java:115)
	at org.testng.remote.RemoteTestNG.initAndRun(RemoteTestNG.java:251)
	at org.testng.remote.RemoteTestNG.main(RemoteTestNG.java:77)
</pre></div></td>
<td>0</td>
<td>com.jala.qa.testcases.LinksPageTest@49c7b90e</td></tr>
</table><p>
<table width='100%' border='1' class='invocation-passed'>
<tr><td colspan='4' align='center'><b>PASSED TESTS</b></td></tr>
<tr><td><b>Test method</b></td>
<td width="30%"><b>Exception</b></td>
<td width="10%"><b>Time (seconds)</b></td>
<td><b>Instance</b></td>
</tr>
<tr>
<td title='com.jala.qa.testcases.iFramePageTest.ValidateiFrame1()'><b>ValidateiFrame1</b><br>Test class: com.jala.qa.testcases.iFramePageTest</td>
<td></td>
<td>0</td>
<td>com.jala.qa.testcases.iFramePageTest@10d307f1</td></tr>
<tr>
<td title='com.jala.qa.testcases.iFramePageTest.ValidateiFrame2()'><b>ValidateiFrame2</b><br>Test class: com.jala.qa.testcases.iFramePageTest</td>
<td></td>
<td>0</td>
<td>com.jala.qa.testcases.iFramePageTest@10d307f1</td></tr>
<tr>
<td title='com.jala.qa.testcases.HomePgaeTest.VarifyClickOnEmployeeLink()'><b>VarifyClickOnEmployeeLink</b><br>Test class: com.jala.qa.testcases.HomePgaeTest</td>
<td></td>
<td>1</td>
<td>com.jala.qa.testcases.HomePgaeTest@7a419da4</td></tr>
<tr>
<td title='com.jala.qa.testcases.CreateEmployeeDatailsTest.VarifyNewEmployeeDetailsCreation()'><b>VarifyNewEmployeeDetailsCreation</b><br>Test class: com.jala.qa.testcases.CreateEmployeeDatailsTest<br>Parameters: hema, singh, hema@gmail.com, 7.865434324E9, noida<br/>
<a href="#Output-949389138" onClick='toggleBox("Output-949389138", this, "Show output", "Hide output");'>Show output</a>

<a href="#Output-949389138" onClick="toggleAllBoxes();">Show all outputs</a>
<div class='log' id="Output-949389138">
Employee tab and more tab working successfully<br/>
Employee info successfully saved<br/>
</div>
</td>
<td></td>
<td>11</td>
<td>com.jala.qa.testcases.CreateEmployeeDatailsTest@14555e0a</td></tr>
<tr>
<td title='com.jala.qa.testcases.CreateEmployeeDatailsTest.VarifyNewEmployeeDetailsCreation()'><b>VarifyNewEmployeeDetailsCreation</b><br>Test class: com.jala.qa.testcases.CreateEmployeeDatailsTest<br>Parameters: Raghav, kuar, raghav@gmail.con, 7.653402912E9, punjab<br/>
<a href="#Output-1639866449" onClick='toggleBox("Output-1639866449", this, "Show output", "Hide output");'>Show output</a>

<a href="#Output-1639866449" onClick="toggleAllBoxes();">Show all outputs</a>
<div class='log' id="Output-1639866449">
Employee tab and more tab working successfully<br/>
Employee info successfully saved<br/>
</div>
</td>
<td></td>
<td>10</td>
<td>com.jala.qa.testcases.CreateEmployeeDatailsTest@14555e0a</td></tr>
<tr>
<td title='com.jala.qa.testcases.CreateEmployeeDatailsTest.VarifyNewEmployeeDetailsCreation()'><b>VarifyNewEmployeeDetailsCreation</b><br>Test class: com.jala.qa.testcases.CreateEmployeeDatailsTest<br>Parameters: nutan, jha, nutan@gmail.com, 9.876543234E9, lahor<br/>
<a href="#Output-130889824" onClick='toggleBox("Output-130889824", this, "Show output", "Hide output");'>Show output</a>

<a href="#Output-130889824" onClick="toggleAllBoxes();">Show all outputs</a>
<div class='log' id="Output-130889824">
Employee tab and more tab working successfully<br/>
Employee info successfully saved<br/>
</div>
</td>
<td></td>
<td>11</td>
<td>com.jala.qa.testcases.CreateEmployeeDatailsTest@14555e0a</td></tr>
<tr>
<td title='com.jala.qa.testcases.CreateEmployeeDatailsTest.VarifyNewEmployeeDetailsCreation()'><b>VarifyNewEmployeeDetailsCreation</b><br>Test class: com.jala.qa.testcases.CreateEmployeeDatailsTest<br>Parameters: roky, kumar, roky@gmail.com, 8.745673423E9, ludhiyana<br/>
<a href="#Output-96423419" onClick='toggleBox("Output-96423419", this, "Show output", "Hide output");'>Show output</a>

<a href="#Output-96423419" onClick="toggleAllBoxes();">Show all outputs</a>
<div class='log' id="Output-96423419">
Employee tab and more tab working successfully<br/>
Employee info successfully saved<br/>
</div>
</td>
<td></td>
<td>11</td>
<td>com.jala.qa.testcases.CreateEmployeeDatailsTest@14555e0a</td></tr>
<tr>
<td title='com.jala.qa.testcases.HomePgaeTest.VerifyHomepageTotalLiks()'><b>VerifyHomepageTotalLiks</b><br>Test class: com.jala.qa.testcases.HomePgaeTest</td>
<td></td>
<td>0</td>
<td>com.jala.qa.testcases.HomePgaeTest@7a419da4</td></tr>
<tr>
<td title='com.jala.qa.testcases.HomePgaeTest.VerifyTitleHomePage()'><b>VerifyTitleHomePage</b><br>Test class: com.jala.qa.testcases.HomePgaeTest</td>
<td></td>
<td>2</td>
<td>com.jala.qa.testcases.HomePgaeTest@7a419da4</td></tr>
<tr>
<td title='com.jala.qa.testcases.HomePgaeTest.VerifyUserId()'><b>VerifyUserId</b><br>Test class: com.jala.qa.testcases.HomePgaeTest</td>
<td></td>
<td>0</td>
<td>com.jala.qa.testcases.HomePgaeTest@7a419da4</td></tr>
<tr>
<td title='com.jala.qa.testcases.MenuPageTest.getMenuPageTitle()'><b>getMenuPageTitle</b><br>Test class: com.jala.qa.testcases.MenuPageTest<br/>
<a href="#Output-1916303325" onClick='toggleBox("Output-1916303325", this, "Show output", "Hide output");'>Show output</a>

<a href="#Output-1916303325" onClick="toggleAllBoxes();">Show all outputs</a>
<div class='log' id="Output-1916303325">
Menu page title matched<br/>
</div>
</td>
<td></td>
<td>0</td>
<td>com.jala.qa.testcases.MenuPageTest@759d26fb</td></tr>
<tr>
<td title='com.jala.qa.testcases.MultilpleTabsTest.getTitleOfMultileTabPage()'><b>getTitleOfMultileTabPage</b><br>Test class: com.jala.qa.testcases.MultilpleTabsTest<br/>
<a href="#Output-542019831" onClick='toggleBox("Output-542019831", this, "Show output", "Hide output");'>Show output</a>

<a href="#Output-542019831" onClick="toggleAllBoxes();">Show all outputs</a>
<div class='log' id="Output-542019831">
Multiple tab page title matched<br/>
</div>
</td>
<td></td>
<td>0</td>
<td>com.jala.qa.testcases.MultilpleTabsTest@4bb33f74</td></tr>
<tr>
<td title='com.jala.qa.testcases.LoginPageTest.loginPageTitle()'><b>loginPageTitle</b><br>Test class: com.jala.qa.testcases.LoginPageTest</td>
<td></td>
<td>0</td>
<td>com.jala.qa.testcases.LoginPageTest@2053d869</td></tr>
<tr>
<td title='com.jala.qa.testcases.LoginPageTest.loginPageVisibletext()'><b>loginPageVisibletext</b><br>Test class: com.jala.qa.testcases.LoginPageTest</td>
<td></td>
<td>3</td>
<td>com.jala.qa.testcases.LoginPageTest@2053d869</td></tr>
<tr>
<td title='com.jala.qa.testcases.LoginPageTest.logintext()'><b>logintext</b><br>Test class: com.jala.qa.testcases.LoginPageTest</td>
<td></td>
<td>0</td>
<td>com.jala.qa.testcases.LoginPageTest@2053d869</td></tr>
<tr>
<td title='com.jala.qa.testcases.MultilpleTabsTest.tabFirsttextField()'><b>tabFirsttextField</b><br>Test class: com.jala.qa.testcases.MultilpleTabsTest<br/>
<a href="#Output-413371322" onClick='toggleBox("Output-413371322", this, "Show output", "Hide output");'>Show output</a>

<a href="#Output-413371322" onClick="toggleAllBoxes();">Show all outputs</a>
<div class='log' id="Output-413371322">
Text entered successfully<br/>
</div>
</td>
<td></td>
<td>0</td>
<td>com.jala.qa.testcases.MultilpleTabsTest@4bb33f74</td></tr>
<tr>
<td title='com.jala.qa.testcases.MultilpleTabsTest.tabFirsttextField2()'><b>tabFirsttextField2</b><br>Test class: com.jala.qa.testcases.MultilpleTabsTest<br/>
<a href="#Output-1720942988" onClick='toggleBox("Output-1720942988", this, "Show output", "Hide output");'>Show output</a>

<a href="#Output-1720942988" onClick="toggleAllBoxes();">Show all outputs</a>
<div class='log' id="Output-1720942988">
Text entered successfully<br/>
</div>
</td>
<td></td>
<td>0</td>
<td>com.jala.qa.testcases.MultilpleTabsTest@4bb33f74</td></tr>
<tr>
<td title='com.jala.qa.testcases.MultilpleTabsTest.tabFirsttextField3()'><b>tabFirsttextField3</b><br>Test class: com.jala.qa.testcases.MultilpleTabsTest<br/>
<a href="#Output-531855844" onClick='toggleBox("Output-531855844", this, "Show output", "Hide output");'>Show output</a>

<a href="#Output-531855844" onClick="toggleAllBoxes();">Show all outputs</a>
<div class='log' id="Output-531855844">
Text entered successfully<br/>
</div>
</td>
<td></td>
<td>0</td>
<td>com.jala.qa.testcases.MultilpleTabsTest@4bb33f74</td></tr>
<tr>
<td title='com.jala.qa.testcases.PopupPageTest.validateAlertPopUp()'><b>validateAlertPopUp</b><br>Test class: com.jala.qa.testcases.PopupPageTest</td>
<td></td>
<td>1</td>
<td>com.jala.qa.testcases.PopupPageTest@4d5b6aac</td></tr>
<tr>
<td title='com.jala.qa.testcases.PopupPageTest.validateConfirmBox()'><b>validateConfirmBox</b><br>Test class: com.jala.qa.testcases.PopupPageTest</td>
<td></td>
<td>2</td>
<td>com.jala.qa.testcases.PopupPageTest@4d5b6aac</td></tr>
<tr>
<td title='com.jala.qa.testcases.PopupPageTest.validateConfirmBox1()'><b>validateConfirmBox1</b><br>Test class: com.jala.qa.testcases.PopupPageTest</td>
<td></td>
<td>1</td>
<td>com.jala.qa.testcases.PopupPageTest@4d5b6aac</td></tr>
<tr>
<td title='com.jala.qa.testcases.PopupPageTest.validatePopUpFive()'><b>validatePopUpFive</b><br>Test class: com.jala.qa.testcases.PopupPageTest</td>
<td></td>
<td>2</td>
<td>com.jala.qa.testcases.PopupPageTest@4d5b6aac</td></tr>
<tr>
<td title='com.jala.qa.testcases.PopupPageTest.validatePopUpSix()'><b>validatePopUpSix</b><br>Test class: com.jala.qa.testcases.PopupPageTest</td>
<td></td>
<td>1</td>
<td>com.jala.qa.testcases.PopupPageTest@4d5b6aac</td></tr>
<tr>
<td title='com.jala.qa.testcases.PopupPageTest.validatePopUpTwo()'><b>validatePopUpTwo</b><br>Test class: com.jala.qa.testcases.PopupPageTest</td>
<td></td>
<td>48</td>
<td>com.jala.qa.testcases.PopupPageTest@4d5b6aac</td></tr>
<tr>
<td title='com.jala.qa.testcases.PopupPageTest.validatePopUpone()'><b>validatePopUpone</b><br>Test class: com.jala.qa.testcases.PopupPageTest</td>
<td></td>
<td>10</td>
<td>com.jala.qa.testcases.PopupPageTest@4d5b6aac</td></tr>
<tr>
<td title='com.jala.qa.testcases.SliderPageTest.validateSliderMover()'><b>validateSliderMover</b><br>Test class: com.jala.qa.testcases.SliderPageTest<br/>
<a href="#Output-128077491" onClick='toggleBox("Output-128077491", this, "Show output", "Hide output");'>Show output</a>

<a href="#Output-128077491" onClick="toggleAllBoxes();">Show all outputs</a>
<div class='log' id="Output-128077491">
Slider moved smoothly.<br/>
</div>
</td>
<td></td>
<td>0</td>
<td>com.jala.qa.testcases.SliderPageTest@6f46426d</td></tr>
<tr>
<td title='com.jala.qa.testcases.TooltipsPageTest.validateSliderMover()'><b>validateSliderMover</b><br>Test class: com.jala.qa.testcases.TooltipsPageTest<br/>
<a href="#Output-1331946439" onClick='toggleBox("Output-1331946439", this, "Show output", "Hide output");'>Show output</a>

<a href="#Output-1331946439" onClick="toggleAllBoxes();">Show all outputs</a>
<div class='log' id="Output-1331946439">
Tooltips button clicked successfully<br/>
</div>
</td>
<td></td>
<td>0</td>
<td>com.jala.qa.testcases.TooltipsPageTest@73700b80</td></tr>
<tr>
<td title='com.jala.qa.testcases.LinksPageTest.validateWorkingLinks()'><b>validateWorkingLinks</b><br>Test class: com.jala.qa.testcases.LinksPageTest</td>
<td></td>
<td>1</td>
<td>com.jala.qa.testcases.LinksPageTest@49c7b90e</td></tr>
<tr>
<td title='com.jala.qa.testcases.MenuPageTest.varifyManuInfo()'><b>varifyManuInfo</b><br>Test class: com.jala.qa.testcases.MenuPageTest<br/>
<a href="#Output-695489783" onClick='toggleBox("Output-695489783", this, "Show output", "Hide output");'>Show output</a>

<a href="#Output-695489783" onClick="toggleAllBoxes();">Show all outputs</a>
<div class='log' id="Output-695489783">
 Succefully all MainManue tabs are cliked<br/>
</div>
</td>
<td></td>
<td>0</td>
<td>com.jala.qa.testcases.MenuPageTest@759d26fb</td></tr>
<tr>
<td title='com.jala.qa.testcases.AutocompletePageTest.varifyMultilevaluesTab()'><b>varifyMultilevaluesTab</b><br>Test class: com.jala.qa.testcases.AutocompletePageTest<br/>
<a href="#Output-368914568" onClick='toggleBox("Output-368914568", this, "Show output", "Hide output");'>Show output</a>

<a href="#Output-368914568" onClick="toggleAllBoxes();">Show all outputs</a>
<div class='log' id="Output-368914568">
Multiple value tabs text field filled successfully<br/>
</div>
</td>
<td></td>
<td>0</td>
<td>com.jala.qa.testcases.AutocompletePageTest@3c73951</td></tr>
<tr>
<td title='com.jala.qa.testcases.AutocompletePageTest.varifySinglevaluesTab()'><b>varifySinglevaluesTab</b><br>Test class: com.jala.qa.testcases.AutocompletePageTest<br/>
<a href="#Output-237630710" onClick='toggleBox("Output-237630710", this, "Show output", "Hide output");'>Show output</a>

<a href="#Output-237630710" onClick="toggleAllBoxes();">Show all outputs</a>
<div class='log' id="Output-237630710">
Single value tabs text field filled successfully<br/>
</div>
</td>
<td></td>
<td>0</td>
<td>com.jala.qa.testcases.AutocompletePageTest@3c73951</td></tr>
<tr>
<td title='com.jala.qa.testcases.MenuPageTest.varifysubMenuInfo()'><b>varifysubMenuInfo</b><br>Test class: com.jala.qa.testcases.MenuPageTest<br/>
<a href="#Output-295749384" onClick='toggleBox("Output-295749384", this, "Show output", "Hide output");'>Show output</a>

<a href="#Output-295749384" onClick="toggleAllBoxes();">Show all outputs</a>
<div class='log' id="Output-295749384">
Succefully all Submenu tabs are cliked<br/>
</div>
</td>
<td></td>
<td>0</td>
<td>com.jala.qa.testcases.MenuPageTest@759d26fb</td></tr>
<tr>
<td title='com.jala.qa.testcases.HomePgaeTest.verifyHomeVisibletext()'><b>verifyHomeVisibletext</b><br>Test class: com.jala.qa.testcases.HomePgaeTest</td>
<td></td>
<td>0</td>
<td>com.jala.qa.testcases.HomePgaeTest@7a419da4</td></tr>
</table><p>
</body>
</html>